2015-12-07 11:47:15 Error: [PDOException] SQLSTATE[HY000] [1045] Access denied for user 'my_app'@'localhost' (using password: YES)
Stack Trace:
#0 C:\xampp\htdocs\cakephp\vendor\cakephp\cakephp\src\Database\Driver\PDODriverTrait.php(48): PDO->__construct('mysql:host=loca...', 'my_app', 'secret', Array)
#1 C:\xampp\htdocs\cakephp\vendor\cakephp\cakephp\src\Database\Driver\Mysql.php(90): Cake\Database\Driver\Mysql->_connect('mysql:host=loca...', Array)
#2 C:\xampp\htdocs\cakephp\vendor\cakephp\cakephp\src\Database\Schema\BaseSchema.php(45): Cake\Database\Driver\Mysql->connect()
#3 C:\xampp\htdocs\cakephp\vendor\cakephp\cakephp\src\Database\Dialect\MysqlDialectTrait.php(63): Cake\Database\Schema\BaseSchema->__construct(Object(Cake\Database\Driver\Mysql))
#4 C:\xampp\htdocs\cakephp\vendor\cakephp\cakephp\src\Database\Schema\Collection.php(52): Cake\Database\Driver\Mysql->schemaDialect()
#5 C:\xampp\htdocs\cakephp\vendor\cakephp\cakephp\src\Database\Schema\CachedCollection.php(43): Cake\Database\Schema\Collection->__construct(Object(Cake\Database\Connection))
#6 C:\xampp\htdocs\cakephp\vendor\cakephp\cakephp\src\Database\Connection.php(315): Cake\Database\Schema\CachedCollection->__construct(Object(Cake\Database\Connection), true)
#7 C:\xampp\htdocs\cakephp\vendor\cakephp\bake\src\Shell\Task\ModelTask.php(883): Cake\Database\Connection->schemaCollection()
#8 C:\xampp\htdocs\cakephp\vendor\cakephp\bake\src\Shell\Task\ModelTask.php(848): Bake\Shell\Task\ModelTask->_getAllTables()
#9 C:\xampp\htdocs\cakephp\vendor\cakephp\bake\src\Shell\Task\ModelTask.php(186): Bake\Shell\Task\ModelTask->listAll()
#10 C:\xampp\htdocs\cakephp\vendor\cakephp\bake\src\Shell\Task\ModelTask.php(110): Bake\Shell\Task\ModelTask->getAssociations(Object(Cake\ORM\Table))
#11 C:\xampp\htdocs\cakephp\vendor\cakephp\bake\src\Shell\Task\ModelTask.php(96): Bake\Shell\Task\ModelTask->bake('Users')
#12 [internal function]: Bake\Shell\Task\ModelTask->main('users')
#13 C:\xampp\htdocs\cakephp\vendor\cakephp\cakephp\src\Console\Shell.php(447): call_user_func_array(Array, Array)
#14 C:\xampp\htdocs\cakephp\vendor\cakephp\cakephp\src\Console\Shell.php(442): Cake\Console\Shell->runCommand(Array, false)
#15 C:\xampp\htdocs\cakephp\vendor\cakephp\cakephp\src\Console\ShellDispatcher.php(212): Cake\Console\Shell->runCommand(Array, true, Array)
#16 C:\xampp\htdocs\cakephp\vendor\cakephp\cakephp\src\Console\ShellDispatcher.php(179): Cake\Console\ShellDispatcher->_dispatch(Array)
#17 C:\xampp\htdocs\cakephp\vendor\cakephp\cakephp\src\Console\ShellDispatcher.php(126): Cake\Console\ShellDispatcher->dispatch(Array)
#18 C:\xampp\htdocs\cakephp\bin\cake.php(33): Cake\Console\ShellDispatcher::run(Array)
#19 {main}


2015-12-07 11:48:28 Error: [PDOException] SQLSTATE[HY000] [1045] Access denied for user 'my_app'@'localhost' (using password: YES)
Stack Trace:
#0 C:\xampp\htdocs\cakephp\vendor\cakephp\cakephp\src\Database\Driver\PDODriverTrait.php(48): PDO->__construct('mysql:host=loca...', 'my_app', 'secret', Array)
#1 C:\xampp\htdocs\cakephp\vendor\cakephp\cakephp\src\Database\Driver\Mysql.php(90): Cake\Database\Driver\Mysql->_connect('mysql:host=loca...', Array)
#2 C:\xampp\htdocs\cakephp\vendor\cakephp\cakephp\src\Database\Schema\BaseSchema.php(45): Cake\Database\Driver\Mysql->connect()
#3 C:\xampp\htdocs\cakephp\vendor\cakephp\cakephp\src\Database\Dialect\MysqlDialectTrait.php(63): Cake\Database\Schema\BaseSchema->__construct(Object(Cake\Database\Driver\Mysql))
#4 C:\xampp\htdocs\cakephp\vendor\cakephp\cakephp\src\Database\Schema\Collection.php(52): Cake\Database\Driver\Mysql->schemaDialect()
#5 C:\xampp\htdocs\cakephp\vendor\cakephp\cakephp\src\Database\Schema\CachedCollection.php(43): Cake\Database\Schema\Collection->__construct(Object(Cake\Database\Connection))
#6 C:\xampp\htdocs\cakephp\vendor\cakephp\cakephp\src\Database\Connection.php(315): Cake\Database\Schema\CachedCollection->__construct(Object(Cake\Database\Connection), true)
#7 C:\xampp\htdocs\cakephp\vendor\cakephp\cakephp\src\ORM\Table.php(422): Cake\Database\Connection->schemaCollection()
#8 C:\xampp\htdocs\cakephp\vendor\cakephp\cakephp\src\ORM\Table.php(499): Cake\ORM\Table->schema()
#9 C:\xampp\htdocs\cakephp\vendor\cakephp\bake\src\Shell\Task\TemplateTask.php(284): Cake\ORM\Table->primaryKey()
#10 C:\xampp\htdocs\cakephp\vendor\cakephp\bake\src\Shell\Task\TemplateTask.php(147): Bake\Shell\Task\TemplateTask->_loadController()
#11 [internal function]: Bake\Shell\Task\TemplateTask->main('users')
#12 C:\xampp\htdocs\cakephp\vendor\cakephp\cakephp\src\Console\Shell.php(447): call_user_func_array(Array, Array)
#13 C:\xampp\htdocs\cakephp\vendor\cakephp\cakephp\src\Console\Shell.php(442): Cake\Console\Shell->runCommand(Array, false)
#14 C:\xampp\htdocs\cakephp\vendor\cakephp\cakephp\src\Console\ShellDispatcher.php(212): Cake\Console\Shell->runCommand(Array, true, Array)
#15 C:\xampp\htdocs\cakephp\vendor\cakephp\cakephp\src\Console\ShellDispatcher.php(179): Cake\Console\ShellDispatcher->_dispatch(Array)
#16 C:\xampp\htdocs\cakephp\vendor\cakephp\cakephp\src\Console\ShellDispatcher.php(126): Cake\Console\ShellDispatcher->dispatch(Array)
#17 C:\xampp\htdocs\cakephp\bin\cake.php(33): Cake\Console\ShellDispatcher::run(Array)
#18 {main}


2015-12-07 11:49:25 Error: [PDOException] SQLSTATE[HY000] [1045] Access denied for user 'my_app'@'localhost' (using password: YES)
Stack Trace:
#0 C:\xampp\htdocs\cakephp\vendor\cakephp\cakephp\src\Database\Driver\PDODriverTrait.php(48): PDO->__construct('mysql:host=loca...', 'my_app', 'secret', Array)
#1 C:\xampp\htdocs\cakephp\vendor\cakephp\cakephp\src\Database\Driver\Mysql.php(90): Cake\Database\Driver\Mysql->_connect('mysql:host=loca...', Array)
#2 C:\xampp\htdocs\cakephp\vendor\cakephp\cakephp\src\Database\Schema\BaseSchema.php(45): Cake\Database\Driver\Mysql->connect()
#3 C:\xampp\htdocs\cakephp\vendor\cakephp\cakephp\src\Database\Dialect\MysqlDialectTrait.php(63): Cake\Database\Schema\BaseSchema->__construct(Object(Cake\Database\Driver\Mysql))
#4 C:\xampp\htdocs\cakephp\vendor\cakephp\cakephp\src\Database\Schema\Collection.php(52): Cake\Database\Driver\Mysql->schemaDialect()
#5 C:\xampp\htdocs\cakephp\vendor\cakephp\cakephp\src\Database\Schema\CachedCollection.php(43): Cake\Database\Schema\Collection->__construct(Object(Cake\Database\Connection))
#6 C:\xampp\htdocs\cakephp\vendor\cakephp\cakephp\src\Database\Connection.php(315): Cake\Database\Schema\CachedCollection->__construct(Object(Cake\Database\Connection), true)
#7 C:\xampp\htdocs\cakephp\vendor\cakephp\bake\src\Shell\Task\ModelTask.php(883): Cake\Database\Connection->schemaCollection()
#8 C:\xampp\htdocs\cakephp\vendor\cakephp\bake\src\Shell\Task\ModelTask.php(848): Bake\Shell\Task\ModelTask->_getAllTables()
#9 C:\xampp\htdocs\cakephp\vendor\cakephp\bake\src\Shell\Task\ModelTask.php(186): Bake\Shell\Task\ModelTask->listAll()
#10 C:\xampp\htdocs\cakephp\vendor\cakephp\bake\src\Shell\Task\ModelTask.php(110): Bake\Shell\Task\ModelTask->getAssociations(Object(Cake\ORM\Table))
#11 C:\xampp\htdocs\cakephp\vendor\cakephp\bake\src\Shell\Task\ModelTask.php(96): Bake\Shell\Task\ModelTask->bake('Pizza')
#12 [internal function]: Bake\Shell\Task\ModelTask->main('Pizza')
#13 C:\xampp\htdocs\cakephp\vendor\cakephp\cakephp\src\Console\Shell.php(447): call_user_func_array(Array, Array)
#14 C:\xampp\htdocs\cakephp\vendor\cakephp\cakephp\src\Console\Shell.php(442): Cake\Console\Shell->runCommand(Array, false)
#15 C:\xampp\htdocs\cakephp\vendor\cakephp\cakephp\src\Console\ShellDispatcher.php(212): Cake\Console\Shell->runCommand(Array, true, Array)
#16 C:\xampp\htdocs\cakephp\vendor\cakephp\cakephp\src\Console\ShellDispatcher.php(179): Cake\Console\ShellDispatcher->_dispatch(Array)
#17 C:\xampp\htdocs\cakephp\vendor\cakephp\cakephp\src\Console\ShellDispatcher.php(126): Cake\Console\ShellDispatcher->dispatch(Array)
#18 C:\xampp\htdocs\cakephp\bin\cake.php(33): Cake\Console\ShellDispatcher::run(Array)
#19 {main}


2015-12-07 11:49:51 Error: [PDOException] SQLSTATE[HY000] [1045] Access denied for user 'my_app'@'localhost' (using password: YES)
Stack Trace:
#0 C:\xampp\htdocs\cakephp\vendor\cakephp\cakephp\src\Database\Driver\PDODriverTrait.php(48): PDO->__construct('mysql:host=loca...', 'my_app', 'secret', Array)
#1 C:\xampp\htdocs\cakephp\vendor\cakephp\cakephp\src\Database\Driver\Mysql.php(90): Cake\Database\Driver\Mysql->_connect('mysql:host=loca...', Array)
#2 C:\xampp\htdocs\cakephp\vendor\cakephp\cakephp\src\Database\Schema\BaseSchema.php(45): Cake\Database\Driver\Mysql->connect()
#3 C:\xampp\htdocs\cakephp\vendor\cakephp\cakephp\src\Database\Dialect\MysqlDialectTrait.php(63): Cake\Database\Schema\BaseSchema->__construct(Object(Cake\Database\Driver\Mysql))
#4 C:\xampp\htdocs\cakephp\vendor\cakephp\cakephp\src\Database\Schema\Collection.php(52): Cake\Database\Driver\Mysql->schemaDialect()
#5 C:\xampp\htdocs\cakephp\vendor\cakephp\cakephp\src\Database\Schema\CachedCollection.php(43): Cake\Database\Schema\Collection->__construct(Object(Cake\Database\Connection))
#6 C:\xampp\htdocs\cakephp\vendor\cakephp\cakephp\src\Database\Connection.php(315): Cake\Database\Schema\CachedCollection->__construct(Object(Cake\Database\Connection), true)
#7 C:\xampp\htdocs\cakephp\vendor\cakephp\cakephp\src\ORM\Table.php(422): Cake\Database\Connection->schemaCollection()
#8 C:\xampp\htdocs\cakephp\vendor\cakephp\cakephp\src\ORM\Table.php(499): Cake\ORM\Table->schema()
#9 C:\xampp\htdocs\cakephp\vendor\cakephp\bake\src\Shell\Task\TemplateTask.php(284): Cake\ORM\Table->primaryKey()
#10 C:\xampp\htdocs\cakephp\vendor\cakephp\bake\src\Shell\Task\TemplateTask.php(147): Bake\Shell\Task\TemplateTask->_loadController()
#11 [internal function]: Bake\Shell\Task\TemplateTask->main('Pizza')
#12 C:\xampp\htdocs\cakephp\vendor\cakephp\cakephp\src\Console\Shell.php(447): call_user_func_array(Array, Array)
#13 C:\xampp\htdocs\cakephp\vendor\cakephp\cakephp\src\Console\Shell.php(442): Cake\Console\Shell->runCommand(Array, false)
#14 C:\xampp\htdocs\cakephp\vendor\cakephp\cakephp\src\Console\ShellDispatcher.php(212): Cake\Console\Shell->runCommand(Array, true, Array)
#15 C:\xampp\htdocs\cakephp\vendor\cakephp\cakephp\src\Console\ShellDispatcher.php(179): Cake\Console\ShellDispatcher->_dispatch(Array)
#16 C:\xampp\htdocs\cakephp\vendor\cakephp\cakephp\src\Console\ShellDispatcher.php(126): Cake\Console\ShellDispatcher->dispatch(Array)
#17 C:\xampp\htdocs\cakephp\bin\cake.php(33): Cake\Console\ShellDispatcher::run(Array)
#18 {main}


2015-12-07 11:50:27 Error: [PDOException] SQLSTATE[HY000] [1045] Access denied for user 'my_app'@'localhost' (using password: YES)
Stack Trace:
#0 C:\xampp\htdocs\cakephp\vendor\cakephp\cakephp\src\Database\Driver\PDODriverTrait.php(48): PDO->__construct('mysql:host=loca...', 'my_app', 'secret', Array)
#1 C:\xampp\htdocs\cakephp\vendor\cakephp\cakephp\src\Database\Driver\Mysql.php(90): Cake\Database\Driver\Mysql->_connect('mysql:host=loca...', Array)
#2 C:\xampp\htdocs\cakephp\vendor\cakephp\cakephp\src\Database\Schema\BaseSchema.php(45): Cake\Database\Driver\Mysql->connect()
#3 C:\xampp\htdocs\cakephp\vendor\cakephp\cakephp\src\Database\Dialect\MysqlDialectTrait.php(63): Cake\Database\Schema\BaseSchema->__construct(Object(Cake\Database\Driver\Mysql))
#4 C:\xampp\htdocs\cakephp\vendor\cakephp\cakephp\src\Database\Schema\Collection.php(52): Cake\Database\Driver\Mysql->schemaDialect()
#5 C:\xampp\htdocs\cakephp\vendor\cakephp\cakephp\src\Database\Schema\CachedCollection.php(43): Cake\Database\Schema\Collection->__construct(Object(Cake\Database\Connection))
#6 C:\xampp\htdocs\cakephp\vendor\cakephp\cakephp\src\Database\Connection.php(315): Cake\Database\Schema\CachedCollection->__construct(Object(Cake\Database\Connection), true)
#7 C:\xampp\htdocs\cakephp\vendor\cakephp\bake\src\Shell\Task\ModelTask.php(883): Cake\Database\Connection->schemaCollection()
#8 C:\xampp\htdocs\cakephp\vendor\cakephp\bake\src\Shell\Task\ModelTask.php(848): Bake\Shell\Task\ModelTask->_getAllTables()
#9 C:\xampp\htdocs\cakephp\vendor\cakephp\bake\src\Shell\Task\ModelTask.php(186): Bake\Shell\Task\ModelTask->listAll()
#10 C:\xampp\htdocs\cakephp\vendor\cakephp\bake\src\Shell\Task\ModelTask.php(110): Bake\Shell\Task\ModelTask->getAssociations(Object(Cake\ORM\Table))
#11 C:\xampp\htdocs\cakephp\vendor\cakephp\bake\src\Shell\Task\ModelTask.php(96): Bake\Shell\Task\ModelTask->bake('Articles')
#12 [internal function]: Bake\Shell\Task\ModelTask->main('articles')
#13 C:\xampp\htdocs\cakephp\vendor\cakephp\cakephp\src\Console\Shell.php(447): call_user_func_array(Array, Array)
#14 C:\xampp\htdocs\cakephp\vendor\cakephp\cakephp\src\Console\Shell.php(442): Cake\Console\Shell->runCommand(Array, false)
#15 C:\xampp\htdocs\cakephp\vendor\cakephp\cakephp\src\Console\ShellDispatcher.php(212): Cake\Console\Shell->runCommand(Array, true, Array)
#16 C:\xampp\htdocs\cakephp\vendor\cakephp\cakephp\src\Console\ShellDispatcher.php(179): Cake\Console\ShellDispatcher->_dispatch(Array)
#17 C:\xampp\htdocs\cakephp\vendor\cakephp\cakephp\src\Console\ShellDispatcher.php(126): Cake\Console\ShellDispatcher->dispatch(Array)
#18 C:\xampp\htdocs\cakephp\bin\cake.php(33): Cake\Console\ShellDispatcher::run(Array)
#19 {main}


2015-12-07 11:50:47 Error: [PDOException] SQLSTATE[HY000] [1045] Access denied for user 'my_app'@'localhost' (using password: YES)
Stack Trace:
#0 C:\xampp\htdocs\cakephp\vendor\cakephp\cakephp\src\Database\Driver\PDODriverTrait.php(48): PDO->__construct('mysql:host=loca...', 'my_app', 'secret', Array)
#1 C:\xampp\htdocs\cakephp\vendor\cakephp\cakephp\src\Database\Driver\Mysql.php(90): Cake\Database\Driver\Mysql->_connect('mysql:host=loca...', Array)
#2 C:\xampp\htdocs\cakephp\vendor\cakephp\cakephp\src\Database\Schema\BaseSchema.php(45): Cake\Database\Driver\Mysql->connect()
#3 C:\xampp\htdocs\cakephp\vendor\cakephp\cakephp\src\Database\Dialect\MysqlDialectTrait.php(63): Cake\Database\Schema\BaseSchema->__construct(Object(Cake\Database\Driver\Mysql))
#4 C:\xampp\htdocs\cakephp\vendor\cakephp\cakephp\src\Database\Schema\Collection.php(52): Cake\Database\Driver\Mysql->schemaDialect()
#5 C:\xampp\htdocs\cakephp\vendor\cakephp\cakephp\src\Database\Schema\CachedCollection.php(43): Cake\Database\Schema\Collection->__construct(Object(Cake\Database\Connection))
#6 C:\xampp\htdocs\cakephp\vendor\cakephp\cakephp\src\Database\Connection.php(315): Cake\Database\Schema\CachedCollection->__construct(Object(Cake\Database\Connection), true)
#7 C:\xampp\htdocs\cakephp\vendor\cakephp\cakephp\src\ORM\Table.php(422): Cake\Database\Connection->schemaCollection()
#8 C:\xampp\htdocs\cakephp\vendor\cakephp\cakephp\src\ORM\Table.php(499): Cake\ORM\Table->schema()
#9 C:\xampp\htdocs\cakephp\vendor\cakephp\bake\src\Shell\Task\TemplateTask.php(284): Cake\ORM\Table->primaryKey()
#10 C:\xampp\htdocs\cakephp\vendor\cakephp\bake\src\Shell\Task\TemplateTask.php(147): Bake\Shell\Task\TemplateTask->_loadController()
#11 [internal function]: Bake\Shell\Task\TemplateTask->main('articles')
#12 C:\xampp\htdocs\cakephp\vendor\cakephp\cakephp\src\Console\Shell.php(447): call_user_func_array(Array, Array)
#13 C:\xampp\htdocs\cakephp\vendor\cakephp\cakephp\src\Console\Shell.php(442): Cake\Console\Shell->runCommand(Array, false)
#14 C:\xampp\htdocs\cakephp\vendor\cakephp\cakephp\src\Console\ShellDispatcher.php(212): Cake\Console\Shell->runCommand(Array, true, Array)
#15 C:\xampp\htdocs\cakephp\vendor\cakephp\cakephp\src\Console\ShellDispatcher.php(179): Cake\Console\ShellDispatcher->_dispatch(Array)
#16 C:\xampp\htdocs\cakephp\vendor\cakephp\cakephp\src\Console\ShellDispatcher.php(126): Cake\Console\ShellDispatcher->dispatch(Array)
#17 C:\xampp\htdocs\cakephp\bin\cake.php(33): Cake\Console\ShellDispatcher::run(Array)
#18 {main}


2015-12-07 11:54:45 Error: [PDOException] SQLSTATE[HY000] [1045] Access denied for user 'my_app'@'localhost' (using password: YES)
Stack Trace:
#0 C:\xampp\htdocs\cakephp\vendor\cakephp\cakephp\src\Database\Driver\PDODriverTrait.php(48): PDO->__construct('mysql:host=loca...', 'my_app', 'secret', Array)
#1 C:\xampp\htdocs\cakephp\vendor\cakephp\cakephp\src\Database\Driver\Mysql.php(90): Cake\Database\Driver\Mysql->_connect('mysql:host=loca...', Array)
#2 C:\xampp\htdocs\cakephp\vendor\cakephp\cakephp\src\Database\Schema\BaseSchema.php(45): Cake\Database\Driver\Mysql->connect()
#3 C:\xampp\htdocs\cakephp\vendor\cakephp\cakephp\src\Database\Dialect\MysqlDialectTrait.php(63): Cake\Database\Schema\BaseSchema->__construct(Object(Cake\Database\Driver\Mysql))
#4 C:\xampp\htdocs\cakephp\vendor\cakephp\cakephp\src\Database\Schema\Collection.php(52): Cake\Database\Driver\Mysql->schemaDialect()
#5 C:\xampp\htdocs\cakephp\vendor\cakephp\cakephp\src\Database\Schema\CachedCollection.php(43): Cake\Database\Schema\Collection->__construct(Object(Cake\Database\Connection))
#6 C:\xampp\htdocs\cakephp\vendor\cakephp\cakephp\src\Database\Connection.php(315): Cake\Database\Schema\CachedCollection->__construct(Object(Cake\Database\Connection), true)
#7 C:\xampp\htdocs\cakephp\vendor\cakephp\bake\src\Shell\Task\ModelTask.php(883): Cake\Database\Connection->schemaCollection()
#8 C:\xampp\htdocs\cakephp\vendor\cakephp\bake\src\Shell\Task\ModelTask.php(848): Bake\Shell\Task\ModelTask->_getAllTables()
#9 C:\xampp\htdocs\cakephp\vendor\cakephp\bake\src\Shell\Task\ModelTask.php(186): Bake\Shell\Task\ModelTask->listAll()
#10 C:\xampp\htdocs\cakephp\vendor\cakephp\bake\src\Shell\Task\ModelTask.php(110): Bake\Shell\Task\ModelTask->getAssociations(Object(Cake\ORM\Table))
#11 C:\xampp\htdocs\cakephp\vendor\cakephp\bake\src\Shell\Task\ModelTask.php(96): Bake\Shell\Task\ModelTask->bake('Articles')
#12 [internal function]: Bake\Shell\Task\ModelTask->main('articles')
#13 C:\xampp\htdocs\cakephp\vendor\cakephp\cakephp\src\Console\Shell.php(447): call_user_func_array(Array, Array)
#14 C:\xampp\htdocs\cakephp\vendor\cakephp\cakephp\src\Console\Shell.php(442): Cake\Console\Shell->runCommand(Array, false)
#15 C:\xampp\htdocs\cakephp\vendor\cakephp\cakephp\src\Console\ShellDispatcher.php(212): Cake\Console\Shell->runCommand(Array, true, Array)
#16 C:\xampp\htdocs\cakephp\vendor\cakephp\cakephp\src\Console\ShellDispatcher.php(179): Cake\Console\ShellDispatcher->_dispatch(Array)
#17 C:\xampp\htdocs\cakephp\vendor\cakephp\cakephp\src\Console\ShellDispatcher.php(126): Cake\Console\ShellDispatcher->dispatch(Array)
#18 C:\xampp\htdocs\cakephp\bin\cake.php(33): Cake\Console\ShellDispatcher::run(Array)
#19 {main}


2015-12-07 13:03:45 Error: [Cake\Database\Exception] SQLSTATE[42S02]: Base table or view not found: 1146 Table 'sunny.categories' doesn't exist
Stack Trace:
#0 C:\xampp\htdocs\cakephp\vendor\cakephp\cakephp\src\Database\Schema\Collection.php(96): Cake\Database\Schema\Collection->_reflect('Column', 'categories', Array, Object(Cake\Database\Schema\Table))
#1 C:\xampp\htdocs\cakephp\vendor\cakephp\cakephp\src\Database\Schema\CachedCollection.php(64): Cake\Database\Schema\Collection->describe('categories', Array)
#2 C:\xampp\htdocs\cakephp\vendor\cakephp\cakephp\src\ORM\Table.php(423): Cake\Database\Schema\CachedCollection->describe('categories')
#3 C:\xampp\htdocs\cakephp\vendor\cakephp\cakephp\src\ORM\Table.php(499): Cake\ORM\Table->schema()
#4 C:\xampp\htdocs\cakephp\vendor\cakephp\bake\src\Shell\Task\ModelTask.php(194): Cake\ORM\Table->primaryKey()
#5 C:\xampp\htdocs\cakephp\vendor\cakephp\bake\src\Shell\Task\ModelTask.php(110): Bake\Shell\Task\ModelTask->getAssociations(Object(Cake\ORM\Table))
#6 C:\xampp\htdocs\cakephp\vendor\cakephp\bake\src\Shell\Task\ModelTask.php(96): Bake\Shell\Task\ModelTask->bake('Categories')
#7 [internal function]: Bake\Shell\Task\ModelTask->main('Categories')
#8 C:\xampp\htdocs\cakephp\vendor\cakephp\cakephp\src\Console\Shell.php(447): call_user_func_array(Array, Array)
#9 C:\xampp\htdocs\cakephp\vendor\cakephp\cakephp\src\Console\Shell.php(442): Cake\Console\Shell->runCommand(Array, false)
#10 C:\xampp\htdocs\cakephp\vendor\cakephp\cakephp\src\Console\ShellDispatcher.php(212): Cake\Console\Shell->runCommand(Array, true, Array)
#11 C:\xampp\htdocs\cakephp\vendor\cakephp\cakephp\src\Console\ShellDispatcher.php(179): Cake\Console\ShellDispatcher->_dispatch(Array)
#12 C:\xampp\htdocs\cakephp\vendor\cakephp\cakephp\src\Console\ShellDispatcher.php(126): Cake\Console\ShellDispatcher->dispatch(Array)
#13 C:\xampp\htdocs\cakephp\bin\cake.php(33): Cake\Console\ShellDispatcher::run(Array)
#14 {main}


2015-12-07 13:04:33 Error: [Cake\Database\Exception] SQLSTATE[42S02]: Base table or view not found: 1146 Table 'sunny.categories' doesn't exist
Stack Trace:
#0 C:\xampp\htdocs\cakephp\vendor\cakephp\cakephp\src\Database\Schema\Collection.php(96): Cake\Database\Schema\Collection->_reflect('Column', 'categories', Array, Object(Cake\Database\Schema\Table))
#1 C:\xampp\htdocs\cakephp\vendor\cakephp\cakephp\src\Database\Schema\CachedCollection.php(64): Cake\Database\Schema\Collection->describe('categories', Array)
#2 C:\xampp\htdocs\cakephp\vendor\cakephp\cakephp\src\ORM\Table.php(423): Cake\Database\Schema\CachedCollection->describe('categories')
#3 C:\xampp\htdocs\cakephp\vendor\cakephp\cakephp\src\ORM\Table.php(499): Cake\ORM\Table->schema()
#4 C:\xampp\htdocs\cakephp\vendor\cakephp\bake\src\Shell\Task\TemplateTask.php(284): Cake\ORM\Table->primaryKey()
#5 C:\xampp\htdocs\cakephp\vendor\cakephp\bake\src\Shell\Task\TemplateTask.php(147): Bake\Shell\Task\TemplateTask->_loadController()
#6 [internal function]: Bake\Shell\Task\TemplateTask->main('Categories')
#7 C:\xampp\htdocs\cakephp\vendor\cakephp\cakephp\src\Console\Shell.php(447): call_user_func_array(Array, Array)
#8 C:\xampp\htdocs\cakephp\vendor\cakephp\cakephp\src\Console\Shell.php(442): Cake\Console\Shell->runCommand(Array, false)
#9 C:\xampp\htdocs\cakephp\vendor\cakephp\cakephp\src\Console\ShellDispatcher.php(212): Cake\Console\Shell->runCommand(Array, true, Array)
#10 C:\xampp\htdocs\cakephp\vendor\cakephp\cakephp\src\Console\ShellDispatcher.php(179): Cake\Console\ShellDispatcher->_dispatch(Array)
#11 C:\xampp\htdocs\cakephp\vendor\cakephp\cakephp\src\Console\ShellDispatcher.php(126): Cake\Console\ShellDispatcher->dispatch(Array)
#12 C:\xampp\htdocs\cakephp\bin\cake.php(33): Cake\Console\ShellDispatcher::run(Array)
#13 {main}


