2015-12-17 09:58:27 Error: Fatal Error (1): Call to a member function allow() on boolean in [C:\xampp\htdocs\cakephp\src\Controller\UsersController.php, line 18]
Trace:
Cake\Error\BaseErrorHandler::handleFatalError() - CORE\src\Error\BaseErrorHandler.php, line 191
Cake\Error\BaseErrorHandler::Cake\Error\{closure}() - CORE\src\Error\BaseErrorHandler.php, line 90
[main] - [internal], line ??



2015-12-17 09:58:32 Error: [Cake\Error\FatalErrorException] Call to a member function allow() on boolean
Request URL: /cakephp/Users
Stack Trace:
#0 C:\xampp\htdocs\cakephp\vendor\cakephp\cakephp\src\Error\BaseErrorHandler.php(90): Cake\Error\BaseErrorHandler->handleFatalError(1, 'Call to a membe...', 'C:\\xampp\\htdocs...', 18)
#1 [internal function]: Cake\Error\BaseErrorHandler->Cake\Error\{closure}()
#2 {main}


2015-12-17 10:12:37 Error: Fatal Error (1): Class 'App\Model\Entity\DefaultPasswordHasher' not found in [C:\xampp\htdocs\cakephp\src\Model\Entity\User.php, line 27]
Trace:
Cake\Error\BaseErrorHandler::handleFatalError() - CORE\src\Error\BaseErrorHandler.php, line 191
Cake\Error\BaseErrorHandler::Cake\Error\{closure}() - CORE\src\Error\BaseErrorHandler.php, line 90
[main] - [internal], line ??



2015-12-17 10:12:37 Error: [Cake\Error\FatalErrorException] Class 'App\Model\Entity\DefaultPasswordHasher' not found
Request URL: /cakephp/users/add
Stack Trace:
#0 C:\xampp\htdocs\cakephp\vendor\cakephp\cakephp\src\Error\BaseErrorHandler.php(90): Cake\Error\BaseErrorHandler->handleFatalError(1, 'Class 'App\\Mode...', 'C:\\xampp\\htdocs...', 27)
#1 [internal function]: Cake\Error\BaseErrorHandler->Cake\Error\{closure}()
#2 {main}


